Arguments: 
  /home/daniel/.nvm/versions/node/v10.15.3/bin/node /usr/share/yarn/bin/yarn.js install

PATH: 
  /home/daniel/.nvm/versions/node/v10.15.3/bin:/usr/local/sbin:/usr/local/bin:/usr/sbin:/usr/bin:/sbin:/bin:/usr/games:/usr/local/games:/snap/bin:/home/daniel/.composer/vendor/bin

Yarn version: 
  1.15.2

Node version: 
  10.15.3

Platform: 
  linux ia32

Trace: 
  Error: getaddrinfo EAI_AGAIN registry.yarnpkg.com registry.yarnpkg.com:443
      at GetAddrInfoReqWrap.onlookup [as oncomplete] (dns.js:56:26)

npm manifest: 
  {
      "private": true,
      "scripts": {
          "dev": "npm run development",
          "development": "cross-env NODE_ENV=development node_modules/webpack/bin/webpack.js --progress --hide-modules --config=node_modules/laravel-mix/setup/webpack.config.js",
          "watch": "npm run development -- --watch",
          "watch-poll": "npm run watch -- --watch-poll",
          "hot": "cross-env NODE_ENV=development node_modules/webpack-dev-server/bin/webpack-dev-server.js --inline --hot --config=node_modules/laravel-mix/setup/webpack.config.js",
          "prod": "npm run production",
          "production": "cross-env NODE_ENV=production node_modules/webpack/bin/webpack.js --no-progress --hide-modules --config=node_modules/laravel-mix/setup/webpack.config.js"
      },
      "devDependencies": {
          "axios": "^0.18",
          "bootstrap": "^4.0.0",
          "cross-env": "^5.1",
          "jquery": "^3.2",
          "laravel-mix": "^4.0.7",
          "lodash": "^4.17.5",
          "popper.js": "^1.12",
          "resolve-url-loader": "^2.3.1",
          "sass": "^1.15.2",
          "sass-loader": "^7.1.0",
          "vue": "^2.5.17"
      }
  }

yarn manifest: 
  No manifest

Lockfile: 
  No lockfile
